<?xml version="1.0" encoding="UTF-8"?>
<testng-results ignored="0" total="1" passed="1" failed="0" skipped="0">
  <reporter-output>
  </reporter-output>
  <suite started-at="2023-05-14T13:57:16 IST" name="Default suite" finished-at="2023-05-14T13:57:16 IST" duration-ms="549">
    <groups>
    </groups>
    <test started-at="2023-05-14T13:57:16 IST" name="Default test" finished-at="2023-05-14T13:57:16 IST" duration-ms="549">
      <class name="FileLoading.Window.PdfDownload">
        <test-method signature="verifyContentInPDf()[pri:0, instance:FileLoading.Window.PdfDownload@4c1909a3]" started-at="2023-05-14T13:57:16 IST" name="verifyContentInPDf" finished-at="2023-05-14T13:57:16 IST" duration-ms="489" status="PASS">
          <reporter-output>
          </reporter-output>
        </test-method> <!-- verifyContentInPDf -->
      </class> <!-- FileLoading.Window.PdfDownload -->
    </test> <!-- Default test -->
  </suite> <!-- Default suite -->
</testng-results>
